{"time":"2026-03-21T16:20:42Z","event":"Session created","type":"start"}
{"time":"2026-03-21T19:43:56Z","event":"R4 debate complete, all findings incorporated into spec v6","type":"milestone"}
{"time":"2026-03-21T19:43:56Z","event":"Checkpoint saved: adversary-redesign-r4-guardrails-tuned.","type":"checkpoint"}
{"time":"2026-03-21T20:38:02Z","event":"Phase transition: implementation \u2192 gauntlet (ran 9-adversary gauntlet on v6)","type":"transition"}
{"time":"2026-03-21T20:38:02Z","event":"Gauntlet complete: 296 raw \u2192 131 clustered \u2192 15 accepted findings","type":"milestone"}
{"time":"2026-03-21T20:38:02Z","event":"Incorporated 15 gauntlet findings into spec v7","type":"milestone"}
{"time":"2026-03-21T20:38:02Z","event":"Guardrail pass on v7: CONS 2 fixed, SCOPE clean, TRACE skipped","type":"milestone"}
{"time":"2026-03-21T20:38:02Z","event":"Phase transition: gauntlet \u2192 finalize","type":"transition"}
{"time":"2026-03-21T20:38:02Z","event":"Spec finalized: .adversarial-spec/specs/adversary-system-redesign/spec.md","type":"artifact"}
{"time":"2026-03-21T20:41:44Z","event":"Phase transition: finalize \u2192 execution","type":"transition"}
{"time":"2026-03-21T20:41:44Z","event":"Execution plan created: 11 tasks, 2 workstreams","type":"artifact"}
{"time":"2026-03-21T20:43:15Z","event":"Spec finalized (v7), execution plan created (11 tasks)","type":"milestone"}
{"time":"2026-03-21T20:43:15Z","event":"Checkpoint saved: adversary-redesign-finalized-execution-plan.","type":"checkpoint"}
{"time":"2026-03-21T20:44:43Z","event":"Generated manifest retroactively","type":"maintenance"}
{"time":"2026-03-23T03:58:38Z","event":"Resumed via startup context intent check","type":"resume"}
{"time":"2026-03-23T05:57:41Z","event":"T8 structured JSON output + quality gate integration committed (cb53a41). Trello cleanup done, stale sessions closed.","type":"milestone"}
{"time":"2026-03-23T05:57:41Z","event":"Checkpoint saved: t8-structured-output-complete.","type":"checkpoint"}
{"time":"2026-03-23T19:24:44Z","event":"Task #1 (03-debate.md) in progress: master TodoWrite added at top, 2 of 3 fragment TodoWrites removed, 1 gate back-reference added. Still need: gate back-ref after guardrails section, verify no remaining fragments.","type":"milestone"}
{"time":"2026-03-23T19:24:44Z","event":"Checkpoint saved: todowrite-enforcement-plan-approved-debate-phase-in-progress.","type":"checkpoint"}
{"time":"2026-03-23T19:29:23Z","event":"Fixed phantom execution_plan_path \u2014 plan file now persisted to specs/adversary-system-redesign/execution-plan.md","type":"maintenance"}
{"time":"2026-03-23T19:52:53Z","event":"Phase transition: implementation \u2192 complete. All 11 tasks done.","type":"transition"}
